<?xml version="1.0" encoding="UTF-8"?>
<testng-results total="1" passed="1" failed="0" skipped="0">
  <reporter-output>
  </reporter-output>
  <suite started-at="2022-09-28T07:12:39Z" name="Suite" finished-at="2022-09-28T07:12:53Z" duration-ms="13607">
    <groups>
    </groups>
    <test started-at="2022-09-28T07:12:39Z" name="Test" finished-at="2022-09-28T07:12:53Z" duration-ms="13607">
      <class name="example.NewTest">
        <test-method is-config="true" signature="beforeTest()[pri:0, instance:example.NewTest@e57b96d]" started-at="2022-09-28T09:12:39Z" name="beforeTest" finished-at="2022-09-28T09:12:46Z" duration-ms="6417" status="PASS">
          <reporter-output>
          </reporter-output>
        </test-method> <!-- beforeTest -->
        <test-method signature="testEasy()[pri:0, instance:example.NewTest@e57b96d]" started-at="2022-09-28T09:12:46Z" name="testEasy" finished-at="2022-09-28T09:12:52Z" duration-ms="6013" status="PASS">
          <reporter-output>
          </reporter-output>
        </test-method> <!-- testEasy -->
        <test-method is-config="true" signature="afterTest()[pri:0, instance:example.NewTest@e57b96d]" started-at="2022-09-28T09:12:52Z" name="afterTest" finished-at="2022-09-28T09:12:53Z" duration-ms="1142" status="PASS">
          <reporter-output>
          </reporter-output>
        </test-method> <!-- afterTest -->
      </class> <!-- example.NewTest -->
    </test> <!-- Test -->
  </suite> <!-- Suite -->
</testng-results>
